<?xml version="1.0" encoding="UTF-8"?>
<testsuite xmlns:xsi="http://www.w3.org/2001/XMLSchema-instance" xsi:noNamespaceSchemaLocation="https://maven.apache.org/surefire/maven-surefire-plugin/xsd/surefire-test-report.xsd" name="TestSuite" time="0.982" tests="26" errors="0" skipped="21" failures="5">
  <properties>
    <property name="sun.desktop" value="windows"/>
    <property name="awt.toolkit" value="sun.awt.windows.WToolkit"/>
    <property name="java.specification.version" value="11"/>
    <property name="sun.cpu.isalist" value="amd64"/>
    <property name="sun.jnu.encoding" value="Cp1252"/>
    <property name="java.class.path" value="C:\Users\ankittolambiya\eclipse-workspace\AnkitTolambiya_3192397_HeroKuappAssignment\target\test-classes;C:\Users\ankittolambiya\eclipse-workspace\AnkitTolambiya_3192397_HeroKuappAssignment\target\classes;C:\Users\ankittolambiya\.m2\repository\io\rest-assured\rest-assured\4.3.0\rest-assured-4.3.0.jar;C:\Users\ankittolambiya\.m2\repository\org\codehaus\groovy\groovy\3.0.2\groovy-3.0.2.jar;C:\Users\ankittolambiya\.m2\repository\org\codehaus\groovy\groovy-xml\3.0.2\groovy-xml-3.0.2.jar;C:\Users\ankittolambiya\.m2\repository\org\apache\httpcomponents\httpclient\4.5.3\httpclient-4.5.3.jar;C:\Users\ankittolambiya\.m2\repository\org\apache\httpcomponents\httpcore\4.4.6\httpcore-4.4.6.jar;C:\Users\ankittolambiya\.m2\repository\commons-logging\commons-logging\1.2\commons-logging-1.2.jar;C:\Users\ankittolambiya\.m2\repository\org\apache\httpcomponents\httpmime\4.5.3\httpmime-4.5.3.jar;C:\Users\ankittolambiya\.m2\repository\org\ccil\cowan\tagsoup\tagsoup\1.2.1\tagsoup-1.2.1.jar;C:\Users\ankittolambiya\.m2\repository\io\rest-assured\json-path\4.3.0\json-path-4.3.0.jar;C:\Users\ankittolambiya\.m2\repository\org\codehaus\groovy\groovy-json\3.0.2\groovy-json-3.0.2.jar;C:\Users\ankittolambiya\.m2\repository\io\rest-assured\rest-assured-common\4.3.0\rest-assured-common-4.3.0.jar;C:\Users\ankittolambiya\.m2\repository\io\rest-assured\xml-path\4.3.0\xml-path-4.3.0.jar;C:\Users\ankittolambiya\.m2\repository\jakarta\xml\bind\jakarta.xml.bind-api\2.3.2\jakarta.xml.bind-api-2.3.2.jar;C:\Users\ankittolambiya\.m2\repository\jakarta\activation\jakarta.activation-api\1.2.1\jakarta.activation-api-1.2.1.jar;C:\Users\ankittolambiya\.m2\repository\com\sun\xml\bind\jaxb-osgi\2.3.0.1\jaxb-osgi-2.3.0.1.jar;C:\Users\ankittolambiya\.m2\repository\org\apache\sling\org.apache.sling.javax.activation\0.1.0\org.apache.sling.javax.activation-0.1.0.jar;C:\Users\ankittolambiya\.m2\repository\javax\activation\activation\1.1.1\activation-1.1.1.jar;C:\Users\ankittolambiya\.m2\repository\io\rest-assured\json-schema-validator\4.3.0\json-schema-validator-4.3.0.jar;C:\Users\ankittolambiya\.m2\repository\com\github\java-json-tools\json-schema-validator\2.2.10\json-schema-validator-2.2.10.jar;C:\Users\ankittolambiya\.m2\repository\com\github\java-json-tools\json-schema-core\1.2.10\json-schema-core-1.2.10.jar;C:\Users\ankittolambiya\.m2\repository\com\github\java-json-tools\jackson-coreutils\1.9\jackson-coreutils-1.9.jar;C:\Users\ankittolambiya\.m2\repository\com\google\guava\guava\16.0.1\guava-16.0.1.jar;C:\Users\ankittolambiya\.m2\repository\com\github\fge\msg-simple\1.1\msg-simple-1.1.jar;C:\Users\ankittolambiya\.m2\repository\com\github\fge\btf\1.2\btf-1.2.jar;C:\Users\ankittolambiya\.m2\repository\com\github\fge\uri-template\0.9\uri-template-0.9.jar;C:\Users\ankittolambiya\.m2\repository\org\mozilla\rhino\1.7.7.1\rhino-1.7.7.1.jar;C:\Users\ankittolambiya\.m2\repository\javax\mail\mailapi\1.4.3\mailapi-1.4.3.jar;C:\Users\ankittolambiya\.m2\repository\joda-time\joda-time\2.9.7\joda-time-2.9.7.jar;C:\Users\ankittolambiya\.m2\repository\com\googlecode\libphonenumber\libphonenumber\8.0.0\libphonenumber-8.0.0.jar;C:\Users\ankittolambiya\.m2\repository\com\google\code\findbugs\jsr305\3.0.1\jsr305-3.0.1.jar;C:\Users\ankittolambiya\.m2\repository\net\sf\jopt-simple\jopt-simple\5.0.3\jopt-simple-5.0.3.jar;C:\Users\ankittolambiya\.m2\repository\org\testng\testng\7.4.0\testng-7.4.0.jar;C:\Users\ankittolambiya\.m2\repository\com\beust\jcommander\1.78\jcommander-1.78.jar;C:\Users\ankittolambiya\.m2\repository\org\webjars\jquery\3.5.1\jquery-3.5.1.jar;C:\Users\ankittolambiya\.m2\repository\org\hamcrest\hamcrest\2.2\hamcrest-2.2.jar;C:\Users\ankittolambiya\.m2\repository\com\google\code\gson\gson\2.8.6\gson-2.8.6.jar;C:\Users\ankittolambiya\.m2\repository\org\apache\poi\poi\4.1.1\poi-4.1.1.jar;C:\Users\ankittolambiya\.m2\repository\commons-codec\commons-codec\1.13\commons-codec-1.13.jar;C:\Users\ankittolambiya\.m2\repository\org\apache\commons\commons-collections4\4.4\commons-collections4-4.4.jar;C:\Users\ankittolambiya\.m2\repository\org\apache\commons\commons-math3\3.6.1\commons-math3-3.6.1.jar;C:\Users\ankittolambiya\.m2\repository\org\apache\poi\poi-ooxml\4.1.1\poi-ooxml-4.1.1.jar;C:\Users\ankittolambiya\.m2\repository\org\apache\poi\poi-ooxml-schemas\4.1.1\poi-ooxml-schemas-4.1.1.jar;C:\Users\ankittolambiya\.m2\repository\org\apache\xmlbeans\xmlbeans\3.1.0\xmlbeans-3.1.0.jar;C:\Users\ankittolambiya\.m2\repository\org\apache\commons\commons-compress\1.19\commons-compress-1.19.jar;C:\Users\ankittolambiya\.m2\repository\com\github\virtuald\curvesapi\1.06\curvesapi-1.06.jar;C:\Users\ankittolambiya\.m2\repository\com\googlecode\json-simple\json-simple\1.1.1\json-simple-1.1.1.jar;C:\Users\ankittolambiya\.m2\repository\junit\junit\4.10\junit-4.10.jar;C:\Users\ankittolambiya\.m2\repository\org\hamcrest\hamcrest-core\1.1\hamcrest-core-1.1.jar;C:\Users\ankittolambiya\.m2\repository\com\aventstack\extentreports\4.0.9\extentreports-4.0.9.jar;C:\Users\ankittolambiya\.m2\repository\org\freemarker\freemarker\2.3.23\freemarker-2.3.23.jar;C:\Users\ankittolambiya\.m2\repository\org\mongodb\mongodb-driver\3.3.0\mongodb-driver-3.3.0.jar;C:\Users\ankittolambiya\.m2\repository\org\mongodb\mongodb-driver-core\3.3.0\mongodb-driver-core-3.3.0.jar;C:\Users\ankittolambiya\.m2\repository\org\mongodb\bson\3.3.0\bson-3.3.0.jar;C:\Users\ankittolambiya\.m2\repository\log4j\log4j\1.2.17\log4j-1.2.17.jar;C:\Users\ankittolambiya\.m2\repository\commons-io\commons-io\2.6\commons-io-2.6.jar;C:\Users\ankittolambiya\.m2\repository\org\json\json\20220924\json-20220924.jar;C:\Users\ankittolambiya\.m2\repository\com\fasterxml\jackson\core\jackson-databind\2.11.0\jackson-databind-2.11.0.jar;C:\Users\ankittolambiya\.m2\repository\com\fasterxml\jackson\core\jackson-core\2.11.0\jackson-core-2.11.0.jar;C:\Users\ankittolambiya\.m2\repository\com\fasterxml\jackson\core\jackson-annotations\2.11.0\jackson-annotations-2.11.0.jar;C:\Users\ankittolambiya\.m2\repository\com\github\javafaker\javafaker\1.0.2\javafaker-1.0.2.jar;C:\Users\ankittolambiya\.m2\repository\org\apache\commons\commons-lang3\3.5\commons-lang3-3.5.jar;C:\Users\ankittolambiya\.m2\repository\org\yaml\snakeyaml\1.23\snakeyaml-1.23-android.jar;C:\Users\ankittolambiya\.m2\repository\com\github\mifmif\generex\1.0.2\generex-1.0.2.jar;C:\Users\ankittolambiya\.m2\repository\dk\brics\automaton\automaton\1.11-8\automaton-1.11-8.jar;"/>
    <property name="java.vm.vendor" value="Oracle Corporation"/>
    <property name="sun.arch.data.model" value="64"/>
    <property name="user.variant" value=""/>
    <property name="java.vendor.url" value="http://java.oracle.com/"/>
    <property name="user.timezone" value="Asia/Calcutta"/>
    <property name="java.vm.specification.version" value="11"/>
    <property name="os.name" value="Windows 10"/>
    <property name="sun.java.launcher" value="SUN_STANDARD"/>
    <property name="user.country" value="IN"/>
    <property name="sun.boot.library.path" value="C:\Program Files\Java\jdk-11\bin"/>
    <property name="sun.java.command" value="C:\Users\ANKITT~1\AppData\Local\Temp\surefire18087595101135636363\surefirebooter11183493672559595870.jar C:\Users\ankittolambiya\AppData\Local\Temp\surefire18087595101135636363 2023-07-06T19-31-46_919-jvmRun1 surefire6337421077169552244tmp surefire_016987129140557578105tmp"/>
    <property name="jdk.debug" value="release"/>
    <property name="surefire.test.class.path" value="C:\Users\ankittolambiya\eclipse-workspace\AnkitTolambiya_3192397_HeroKuappAssignment\target\test-classes;C:\Users\ankittolambiya\eclipse-workspace\AnkitTolambiya_3192397_HeroKuappAssignment\target\classes;C:\Users\ankittolambiya\.m2\repository\io\rest-assured\rest-assured\4.3.0\rest-assured-4.3.0.jar;C:\Users\ankittolambiya\.m2\repository\org\codehaus\groovy\groovy\3.0.2\groovy-3.0.2.jar;C:\Users\ankittolambiya\.m2\repository\org\codehaus\groovy\groovy-xml\3.0.2\groovy-xml-3.0.2.jar;C:\Users\ankittolambiya\.m2\repository\org\apache\httpcomponents\httpclient\4.5.3\httpclient-4.5.3.jar;C:\Users\ankittolambiya\.m2\repository\org\apache\httpcomponents\httpcore\4.4.6\httpcore-4.4.6.jar;C:\Users\ankittolambiya\.m2\repository\commons-logging\commons-logging\1.2\commons-logging-1.2.jar;C:\Users\ankittolambiya\.m2\repository\org\apache\httpcomponents\httpmime\4.5.3\httpmime-4.5.3.jar;C:\Users\ankittolambiya\.m2\repository\org\ccil\cowan\tagsoup\tagsoup\1.2.1\tagsoup-1.2.1.jar;C:\Users\ankittolambiya\.m2\repository\io\rest-assured\json-path\4.3.0\json-path-4.3.0.jar;C:\Users\ankittolambiya\.m2\repository\org\codehaus\groovy\groovy-json\3.0.2\groovy-json-3.0.2.jar;C:\Users\ankittolambiya\.m2\repository\io\rest-assured\rest-assured-common\4.3.0\rest-assured-common-4.3.0.jar;C:\Users\ankittolambiya\.m2\repository\io\rest-assured\xml-path\4.3.0\xml-path-4.3.0.jar;C:\Users\ankittolambiya\.m2\repository\jakarta\xml\bind\jakarta.xml.bind-api\2.3.2\jakarta.xml.bind-api-2.3.2.jar;C:\Users\ankittolambiya\.m2\repository\jakarta\activation\jakarta.activation-api\1.2.1\jakarta.activation-api-1.2.1.jar;C:\Users\ankittolambiya\.m2\repository\com\sun\xml\bind\jaxb-osgi\2.3.0.1\jaxb-osgi-2.3.0.1.jar;C:\Users\ankittolambiya\.m2\repository\org\apache\sling\org.apache.sling.javax.activation\0.1.0\org.apache.sling.javax.activation-0.1.0.jar;C:\Users\ankittolambiya\.m2\repository\javax\activation\activation\1.1.1\activation-1.1.1.jar;C:\Users\ankittolambiya\.m2\repository\io\rest-assured\json-schema-validator\4.3.0\json-schema-validator-4.3.0.jar;C:\Users\ankittolambiya\.m2\repository\com\github\java-json-tools\json-schema-validator\2.2.10\json-schema-validator-2.2.10.jar;C:\Users\ankittolambiya\.m2\repository\com\github\java-json-tools\json-schema-core\1.2.10\json-schema-core-1.2.10.jar;C:\Users\ankittolambiya\.m2\repository\com\github\java-json-tools\jackson-coreutils\1.9\jackson-coreutils-1.9.jar;C:\Users\ankittolambiya\.m2\repository\com\google\guava\guava\16.0.1\guava-16.0.1.jar;C:\Users\ankittolambiya\.m2\repository\com\github\fge\msg-simple\1.1\msg-simple-1.1.jar;C:\Users\ankittolambiya\.m2\repository\com\github\fge\btf\1.2\btf-1.2.jar;C:\Users\ankittolambiya\.m2\repository\com\github\fge\uri-template\0.9\uri-template-0.9.jar;C:\Users\ankittolambiya\.m2\repository\org\mozilla\rhino\1.7.7.1\rhino-1.7.7.1.jar;C:\Users\ankittolambiya\.m2\repository\javax\mail\mailapi\1.4.3\mailapi-1.4.3.jar;C:\Users\ankittolambiya\.m2\repository\joda-time\joda-time\2.9.7\joda-time-2.9.7.jar;C:\Users\ankittolambiya\.m2\repository\com\googlecode\libphonenumber\libphonenumber\8.0.0\libphonenumber-8.0.0.jar;C:\Users\ankittolambiya\.m2\repository\com\google\code\findbugs\jsr305\3.0.1\jsr305-3.0.1.jar;C:\Users\ankittolambiya\.m2\repository\net\sf\jopt-simple\jopt-simple\5.0.3\jopt-simple-5.0.3.jar;C:\Users\ankittolambiya\.m2\repository\org\testng\testng\7.4.0\testng-7.4.0.jar;C:\Users\ankittolambiya\.m2\repository\com\beust\jcommander\1.78\jcommander-1.78.jar;C:\Users\ankittolambiya\.m2\repository\org\webjars\jquery\3.5.1\jquery-3.5.1.jar;C:\Users\ankittolambiya\.m2\repository\org\hamcrest\hamcrest\2.2\hamcrest-2.2.jar;C:\Users\ankittolambiya\.m2\repository\com\google\code\gson\gson\2.8.6\gson-2.8.6.jar;C:\Users\ankittolambiya\.m2\repository\org\apache\poi\poi\4.1.1\poi-4.1.1.jar;C:\Users\ankittolambiya\.m2\repository\commons-codec\commons-codec\1.13\commons-codec-1.13.jar;C:\Users\ankittolambiya\.m2\repository\org\apache\commons\commons-collections4\4.4\commons-collections4-4.4.jar;C:\Users\ankittolambiya\.m2\repository\org\apache\commons\commons-math3\3.6.1\commons-math3-3.6.1.jar;C:\Users\ankittolambiya\.m2\repository\org\apache\poi\poi-ooxml\4.1.1\poi-ooxml-4.1.1.jar;C:\Users\ankittolambiya\.m2\repository\org\apache\poi\poi-ooxml-schemas\4.1.1\poi-ooxml-schemas-4.1.1.jar;C:\Users\ankittolambiya\.m2\repository\org\apache\xmlbeans\xmlbeans\3.1.0\xmlbeans-3.1.0.jar;C:\Users\ankittolambiya\.m2\repository\org\apache\commons\commons-compress\1.19\commons-compress-1.19.jar;C:\Users\ankittolambiya\.m2\repository\com\github\virtuald\curvesapi\1.06\curvesapi-1.06.jar;C:\Users\ankittolambiya\.m2\repository\com\googlecode\json-simple\json-simple\1.1.1\json-simple-1.1.1.jar;C:\Users\ankittolambiya\.m2\repository\junit\junit\4.10\junit-4.10.jar;C:\Users\ankittolambiya\.m2\repository\org\hamcrest\hamcrest-core\1.1\hamcrest-core-1.1.jar;C:\Users\ankittolambiya\.m2\repository\com\aventstack\extentreports\4.0.9\extentreports-4.0.9.jar;C:\Users\ankittolambiya\.m2\repository\org\freemarker\freemarker\2.3.23\freemarker-2.3.23.jar;C:\Users\ankittolambiya\.m2\repository\org\mongodb\mongodb-driver\3.3.0\mongodb-driver-3.3.0.jar;C:\Users\ankittolambiya\.m2\repository\org\mongodb\mongodb-driver-core\3.3.0\mongodb-driver-core-3.3.0.jar;C:\Users\ankittolambiya\.m2\repository\org\mongodb\bson\3.3.0\bson-3.3.0.jar;C:\Users\ankittolambiya\.m2\repository\log4j\log4j\1.2.17\log4j-1.2.17.jar;C:\Users\ankittolambiya\.m2\repository\commons-io\commons-io\2.6\commons-io-2.6.jar;C:\Users\ankittolambiya\.m2\repository\org\json\json\20220924\json-20220924.jar;C:\Users\ankittolambiya\.m2\repository\com\fasterxml\jackson\core\jackson-databind\2.11.0\jackson-databind-2.11.0.jar;C:\Users\ankittolambiya\.m2\repository\com\fasterxml\jackson\core\jackson-core\2.11.0\jackson-core-2.11.0.jar;C:\Users\ankittolambiya\.m2\repository\com\fasterxml\jackson\core\jackson-annotations\2.11.0\jackson-annotations-2.11.0.jar;C:\Users\ankittolambiya\.m2\repository\com\github\javafaker\javafaker\1.0.2\javafaker-1.0.2.jar;C:\Users\ankittolambiya\.m2\repository\org\apache\commons\commons-lang3\3.5\commons-lang3-3.5.jar;C:\Users\ankittolambiya\.m2\repository\org\yaml\snakeyaml\1.23\snakeyaml-1.23-android.jar;C:\Users\ankittolambiya\.m2\repository\com\github\mifmif\generex\1.0.2\generex-1.0.2.jar;C:\Users\ankittolambiya\.m2\repository\dk\brics\automaton\automaton\1.11-8\automaton-1.11-8.jar;"/>
    <property name="sun.cpu.endian" value="little"/>
    <property name="user.home" value="C:\Users\ankittolambiya"/>
    <property name="user.language" value="en"/>
    <property name="java.specification.vendor" value="Oracle Corporation"/>
    <property name="java.version.date" value="2018-09-25"/>
    <property name="java.home" value="C:\Program Files\Java\jdk-11"/>
    <property name="file.separator" value="\"/>
    <property name="basedir" value="C:\Users\ankittolambiya\eclipse-workspace\AnkitTolambiya_3192397_HeroKuappAssignment"/>
    <property name="java.vm.compressedOopsMode" value="Zero based"/>
    <property name="line.separator" value="&#10;"/>
    <property name="java.specification.name" value="Java Platform API Specification"/>
    <property name="java.vm.specification.vendor" value="Oracle Corporation"/>
    <property name="java.awt.graphicsenv" value="sun.awt.Win32GraphicsEnvironment"/>
    <property name="surefire.real.class.path" value="C:\Users\ANKITT~1\AppData\Local\Temp\surefire18087595101135636363\surefirebooter11183493672559595870.jar"/>
    <property name="user.script" value=""/>
    <property name="sun.management.compiler" value="HotSpot 64-Bit Tiered Compilers"/>
    <property name="java.runtime.version" value="11+28"/>
    <property name="user.name" value="ankittolambiya"/>
    <property name="path.separator" value=";"/>
    <property name="os.version" value="10.0"/>
    <property name="java.runtime.name" value="OpenJDK Runtime Environment"/>
    <property name="file.encoding" value="Cp1252"/>
    <property name="java.vm.name" value="OpenJDK 64-Bit Server VM"/>
    <property name="java.vendor.version" value="18.9"/>
    <property name="localRepository" value="C:\Users\ankittolambiya\.m2\repository"/>
    <property name="java.vendor.url.bug" value="http://bugreport.java.com/bugreport/"/>
    <property name="java.io.tmpdir" value="C:\Users\ANKITT~1\AppData\Local\Temp\"/>
    <property name="java.version" value="11"/>
    <property name="user.dir" value="C:\Users\ankittolambiya\eclipse-workspace\AnkitTolambiya_3192397_HeroKuappAssignment"/>
    <property name="os.arch" value="amd64"/>
    <property name="java.vm.specification.name" value="Java Virtual Machine Specification"/>
    <property name="java.awt.printerjob" value="sun.awt.windows.WPrinterJob"/>
    <property name="sun.os.patch.level" value=""/>
    <property name="java.library.path" value="C:\Program Files\Java\jdk-11\bin;C:\WINDOWS\Sun\Java\bin;C:\WINDOWS\system32;C:\WINDOWS;C:/Program Files/Java/jdk-11/bin/server;C:/Program Files/Java/jdk-11/bin;C:\WINDOWS\system32;C:\WINDOWS;C:\WINDOWS\System32\Wbem;C:\WINDOWS\System32\WindowsPowerShell\v1.0\;C:\WINDOWS\System32\OpenSSH\;C:\Program Files\TortoiseSVN\bin;C:\Users\ankittolambiya\JMETER\apache-jmeter-5.5\apache-jmeter-5.5\bin;C:\Program Files\Java\jdk-11\bin;C:\Program Files\nodejs\;C:\Program Files\apache-maven-3.8.6\bin;C:\Users\ankittolambiya\AppData\Local\Android\Sdk\build-tools;C:\Users\ankittolambiya\AppData\Local\Android\Sdk\platform-tools;C:\Users\ankittolambiya\AppData\Local\Android\Sdk\tools;C:\Program Files\RedHat\java-11-openjdk-11.0.5-2\bin;C:\Program Files\Git\cmd;C:\Users\ankittolambiya\AppData\Local\Microsoft\WindowsApps;C:\Program Files\Java\jdk1.8.0_212\bin;C:\Users\ankittolambiya\AppData\Roaming\npm;;C:\Users\ankittolambiya\Desktop;;."/>
    <property name="java.vendor" value="Oracle Corporation"/>
    <property name="java.vm.info" value="mixed mode"/>
    <property name="java.vm.version" value="11+28"/>
    <property name="sun.io.unicode.encoding" value="UnicodeLittle"/>
    <property name="java.class.version" value="55.0"/>
  </properties>
  <testcase name="testMethodName" classname="api.test.CreateBookingTest" time="0.677">
    <failure type="java.lang.NullPointerException">java.lang.NullPointerException
</failure>
  </testcase>
  <testcase name="setUp" classname="api.test.CreateBookingTest" time="0">
    <skipped/>
  </testcase>
  <testcase name="test_POSTBooking" classname="api.test.CreateBookingTest" time="0">
    <skipped/>
  </testcase>
  <testcase name="tearDown" classname="api.test.CreateBookingTest" time="0">
    <skipped/>
  </testcase>
  <testcase name="capture_TestStatus" classname="api.test.CreateBookingTest" time="0">
    <skipped/>
  </testcase>
  <testcase name="testMethodName" classname="api.test.CreateTokenTest" time="0.004">
    <failure type="java.lang.NullPointerException">java.lang.NullPointerException
</failure>
  </testcase>
  <testcase name="setUp" classname="api.test.CreateTokenTest" time="0">
    <skipped/>
  </testcase>
  <testcase name="test_POSTGenerateToken" classname="api.test.CreateTokenTest" time="0">
    <skipped/>
  </testcase>
  <testcase name="tearDown" classname="api.test.CreateTokenTest" time="0">
    <skipped/>
  </testcase>
  <testcase name="capture_TestStatus" classname="api.test.CreateTokenTest" time="0">
    <skipped/>
  </testcase>
  <testcase name="testMethodName" classname="api.test.GetBookingIdsTest" time="0.001">
    <failure type="java.lang.NullPointerException">java.lang.NullPointerException
</failure>
  </testcase>
  <testcase name="setUp" classname="api.test.GetBookingIdsTest" time="0">
    <skipped/>
  </testcase>
  <testcase name="test_GetBookingIdsList" classname="api.test.GetBookingIdsTest" time="0">
    <skipped/>
  </testcase>
  <testcase name="tearDown" classname="api.test.GetBookingIdsTest" time="0">
    <skipped/>
  </testcase>
  <testcase name="capture_TestStatus" classname="api.test.GetBookingIdsTest" time="0">
    <skipped/>
  </testcase>
  <testcase name="testMethodName" classname="api.test.GetBookingIdTest" time="0.002">
    <failure type="java.lang.NullPointerException">java.lang.NullPointerException
</failure>
  </testcase>
  <testcase name="setUp" classname="api.test.GetBookingIdTest" time="0">
    <skipped/>
  </testcase>
  <testcase name="test_GETBooking" classname="api.test.GetBookingIdTest" time="0">
    <skipped/>
  </testcase>
  <testcase name="tearDown" classname="api.test.GetBookingIdTest" time="0">
    <skipped/>
  </testcase>
  <testcase name="capture_TestStatus" classname="api.test.GetBookingIdTest" time="0">
    <skipped/>
  </testcase>
  <testcase name="testMethodName" classname="api.test.UpdateBookingTest" time="0.002">
    <failure type="java.lang.NullPointerException">java.lang.NullPointerException
</failure>
  </testcase>
  <testcase name="setUp" classname="api.test.UpdateBookingTest" time="0">
    <skipped/>
  </testcase>
  <testcase name="test_PUTBooking" classname="api.test.UpdateBookingTest" time="0">
    <skipped/>
  </testcase>
  <testcase name="tearDown" classname="api.test.UpdateBookingTest" time="0">
    <skipped/>
  </testcase>
  <testcase name="capture_TestStatus" classname="api.test.UpdateBookingTest" time="0">
    <skipped/>
  </testcase>
  <testcase name="generateReport" classname="api.test.Base_Test" time="0">
    <skipped/>
  </testcase>
</testsuite>