<?xml version="1.0" encoding="UTF-8"?>
<!-- Generated by org.testng.reporters.JUnitReportReporter -->
<testsuite hostname="IN-F18K1N3" failures="0" tests="1" name="api.test.BookingTests" time="5.137" errors="0" timestamp="2023-07-03T19:41:49 IST" skipped="0">
  <testcase classname="api.test.BookingTests" name="test_POSTBooking" time="5.137"/>
  <system-out/>
</testsuite> <!-- api.test.BookingTests -->
