<?xml version="1.0" encoding="UTF-8"?>
<!-- Generated by org.testng.reporters.JUnitReportReporter -->
<testsuite hostname="IN-F18K1N3" failures="0" tests="1" name="api.test.GetBookingIdTest" time="1.219" errors="0" timestamp="2023-07-10T14:30:36 IST" skipped="0">
  <testcase classname="api.test.GetBookingIdTest" name="test_GETBooking" time="1.219"/>
  <system-out/>
</testsuite> <!-- api.test.GetBookingIdTest -->
