<?xml version="1.0" encoding="UTF-8"?>
<!-- Generated by org.testng.reporters.JUnitReportReporter -->
<testsuite hostname="IN-F18K1N3" failures="0" tests="1" name="api.test.CreateTokenTest" time="1.065" errors="0" timestamp="2023-07-10T14:30:36 IST" skipped="0">
  <testcase classname="api.test.CreateTokenTest" name="test_POSTGenerateToken" time="1.065"/>
  <system-out/>
</testsuite> <!-- api.test.CreateTokenTest -->
