<?xml version="1.0" encoding="UTF-8"?>
<!-- Generated by org.testng.reporters.JUnitReportReporter -->
<testsuite hostname="IN-F18K1N3" failures="0" tests="1" name="api.test.HeroKuappStandALoneProgram" time="448.945" errors="0" timestamp="2023-06-29T15:49:51 IST" skipped="0">
  <testcase classname="api.test.HeroKuappStandALoneProgram" name="createToken" time="448.945"/>
  <system-out/>
</testsuite> <!-- api.test.HeroKuappStandALoneProgram -->
