<?xml version="1.0" encoding="UTF-8"?>
<!-- Generated by org.testng.reporters.JUnitReportReporter -->
<testsuite hostname="IN-F18K1N3" failures="0" tests="1" name="api.test.GetBookingIdsTest" time="1.605" errors="0" timestamp="2023-07-10T14:30:36 IST" skipped="0">
  <testcase classname="api.test.GetBookingIdsTest" name="test_GetBookingIdsList" time="1.605"/>
  <system-out/>
</testsuite> <!-- api.test.GetBookingIdsTest -->
