<?xml version="1.0" encoding="UTF-8"?>
<!-- Generated by org.testng.reporters.JUnitReportReporter -->
<testsuite hostname="IN-F18K1N3" failures="0" tests="1" name="api.test.CreateBookingTest" time="3.627" errors="0" timestamp="2023-07-10T14:30:36 IST" skipped="0">
  <testcase classname="api.test.CreateBookingTest" name="test_POSTBooking" time="3.627"/>
  <system-out/>
</testsuite> <!-- api.test.CreateBookingTest -->
